[03-Mar-2025 07:40:02 Europe/Berlin] PHP Fatal error:  Uncaught Error: Call to a member function bind_param() on bool in D:\xampp\htdocs\sajilo-rent\user-panel\back_end\loadcomment.php:20
Stack trace:
#0 {main}
  thrown in D:\xampp\htdocs\sajilo-rent\user-panel\back_end\loadcomment.php on line 20
[03-Mar-2025 07:40:02 Europe/Berlin] PHP Fatal error:  Uncaught Error: Call to a member function bind_param() on bool in D:\xampp\htdocs\sajilo-rent\user-panel\back_end\loadcomment.php:20
Stack trace:
#0 {main}
  thrown in D:\xampp\htdocs\sajilo-rent\user-panel\back_end\loadcomment.php on line 20
[03-Mar-2025 07:40:02 Europe/Berlin] PHP Fatal error:  Uncaught Error: Call to a member function bind_param() on bool in D:\xampp\htdocs\sajilo-rent\user-panel\back_end\loadcomment.php:20
Stack trace:
#0 {main}
  thrown in D:\xampp\htdocs\sajilo-rent\user-panel\back_end\loadcomment.php on line 20
[03-Mar-2025 10:15:25 Europe/Berlin] PHP Warning:  Undefined array key "image" in D:\xampp\htdocs\sajilo-rent\user-panel\back_end\addprofilepic.php on line 10
[03-Mar-2025 10:15:25 Europe/Berlin] PHP Warning:  Trying to access array offset on value of type null in D:\xampp\htdocs\sajilo-rent\user-panel\back_end\addprofilepic.php on line 10
[03-Mar-2025 10:15:25 Europe/Berlin] PHP Warning:  Undefined array key "image" in D:\xampp\htdocs\sajilo-rent\user-panel\back_end\addprofilepic.php on line 15
[03-Mar-2025 10:15:25 Europe/Berlin] PHP Warning:  Trying to access array offset on value of type null in D:\xampp\htdocs\sajilo-rent\user-panel\back_end\addprofilepic.php on line 15
[03-Mar-2025 10:17:34 Europe/Berlin] PHP Warning:  Undefined array key "image" in D:\xampp\htdocs\sajilo-rent\user-panel\back_end\addprofilepic.php on line 10
[03-Mar-2025 10:17:34 Europe/Berlin] PHP Warning:  Trying to access array offset on value of type null in D:\xampp\htdocs\sajilo-rent\user-panel\back_end\addprofilepic.php on line 10
[03-Mar-2025 10:17:34 Europe/Berlin] PHP Warning:  Undefined array key "image" in D:\xampp\htdocs\sajilo-rent\user-panel\back_end\addprofilepic.php on line 15
[03-Mar-2025 10:17:34 Europe/Berlin] PHP Warning:  Trying to access array offset on value of type null in D:\xampp\htdocs\sajilo-rent\user-panel\back_end\addprofilepic.php on line 15
[03-Mar-2025 14:02:40 Europe/Berlin] PHP Warning:  Undefined variable $_SESSION in D:\xampp\htdocs\sajilo-rent\user-panel\back_end\loadcomment.php on line 7
[03-Mar-2025 14:02:40 Europe/Berlin] PHP Warning:  Trying to access array offset on value of type null in D:\xampp\htdocs\sajilo-rent\user-panel\back_end\loadcomment.php on line 7
[03-Mar-2025 14:02:40 Europe/Berlin] PHP Fatal error:  Uncaught Error: Call to a member function bind_param() on bool in D:\xampp\htdocs\sajilo-rent\user-panel\back_end\loadcomment.php:20
Stack trace:
#0 {main}
  thrown in D:\xampp\htdocs\sajilo-rent\user-panel\back_end\loadcomment.php on line 20
[03-Mar-2025 14:03:54 Europe/Berlin] PHP Warning:  Undefined variable $_SESSION in D:\xampp\htdocs\sajilo-rent\user-panel\back_end\loadcomment.php on line 7
[03-Mar-2025 14:03:54 Europe/Berlin] PHP Warning:  Trying to access array offset on value of type null in D:\xampp\htdocs\sajilo-rent\user-panel\back_end\loadcomment.php on line 7
[03-Mar-2025 14:03:54 Europe/Berlin] PHP Fatal error:  Uncaught Error: Call to a member function bind_param() on bool in D:\xampp\htdocs\sajilo-rent\user-panel\back_end\loadcomment.php:20
Stack trace:
#0 {main}
  thrown in D:\xampp\htdocs\sajilo-rent\user-panel\back_end\loadcomment.php on line 20
[03-Mar-2025 14:04:09 Europe/Berlin] PHP Warning:  Undefined variable $_SESSION in D:\xampp\htdocs\sajilo-rent\user-panel\back_end\loadcomment.php on line 7
[03-Mar-2025 14:04:09 Europe/Berlin] PHP Warning:  Trying to access array offset on value of type null in D:\xampp\htdocs\sajilo-rent\user-panel\back_end\loadcomment.php on line 7
[03-Mar-2025 14:04:09 Europe/Berlin] PHP Fatal error:  Uncaught Error: Call to a member function bind_param() on bool in D:\xampp\htdocs\sajilo-rent\user-panel\back_end\loadcomment.php:20
Stack trace:
#0 {main}
  thrown in D:\xampp\htdocs\sajilo-rent\user-panel\back_end\loadcomment.php on line 20
[03-Mar-2025 14:06:45 Europe/Berlin] PHP Warning:  Undefined variable $_SESSION in D:\xampp\htdocs\sajilo-rent\user-panel\back_end\loadcomment.php on line 7
[03-Mar-2025 14:06:45 Europe/Berlin] PHP Warning:  Trying to access array offset on value of type null in D:\xampp\htdocs\sajilo-rent\user-panel\back_end\loadcomment.php on line 7
[03-Mar-2025 14:06:45 Europe/Berlin] PHP Fatal error:  Uncaught Error: Call to a member function bind_param() on bool in D:\xampp\htdocs\sajilo-rent\user-panel\back_end\loadcomment.php:20
Stack trace:
#0 {main}
  thrown in D:\xampp\htdocs\sajilo-rent\user-panel\back_end\loadcomment.php on line 20
[03-Mar-2025 14:09:46 Europe/Berlin] PHP Warning:  Undefined variable $_SESSION in D:\xampp\htdocs\sajilo-rent\user-panel\back_end\loadcomment.php on line 7
[03-Mar-2025 14:09:46 Europe/Berlin] PHP Warning:  Trying to access array offset on value of type null in D:\xampp\htdocs\sajilo-rent\user-panel\back_end\loadcomment.php on line 7
[03-Mar-2025 14:09:46 Europe/Berlin] PHP Fatal error:  Uncaught Error: Call to a member function bind_param() on bool in D:\xampp\htdocs\sajilo-rent\user-panel\back_end\loadcomment.php:20
Stack trace:
#0 {main}
  thrown in D:\xampp\htdocs\sajilo-rent\user-panel\back_end\loadcomment.php on line 20
[03-Mar-2025 14:10:57 Europe/Berlin] PHP Warning:  Undefined variable $_SESSION in D:\xampp\htdocs\sajilo-rent\user-panel\back_end\loadcomment.php on line 7
[03-Mar-2025 14:10:57 Europe/Berlin] PHP Warning:  Trying to access array offset on value of type null in D:\xampp\htdocs\sajilo-rent\user-panel\back_end\loadcomment.php on line 7
[03-Mar-2025 14:10:57 Europe/Berlin] PHP Fatal error:  Uncaught Error: Call to a member function bind_param() on bool in D:\xampp\htdocs\sajilo-rent\user-panel\back_end\loadcomment.php:20
Stack trace:
#0 {main}
  thrown in D:\xampp\htdocs\sajilo-rent\user-panel\back_end\loadcomment.php on line 20
[03-Mar-2025 14:11:47 Europe/Berlin] PHP Fatal error:  Uncaught Error: Call to a member function bind_param() on bool in D:\xampp\htdocs\sajilo-rent\user-panel\back_end\loadcomment.php:20
Stack trace:
#0 {main}
  thrown in D:\xampp\htdocs\sajilo-rent\user-panel\back_end\loadcomment.php on line 20
[03-Mar-2025 14:12:26 Europe/Berlin] PHP Fatal error:  Uncaught Error: Call to a member function bind_param() on bool in D:\xampp\htdocs\sajilo-rent\user-panel\back_end\loadcomment.php:20
Stack trace:
#0 {main}
  thrown in D:\xampp\htdocs\sajilo-rent\user-panel\back_end\loadcomment.php on line 20
[03-Mar-2025 14:12:27 Europe/Berlin] PHP Fatal error:  Uncaught Error: Call to a member function bind_param() on bool in D:\xampp\htdocs\sajilo-rent\user-panel\back_end\loadcomment.php:20
Stack trace:
#0 {main}
  thrown in D:\xampp\htdocs\sajilo-rent\user-panel\back_end\loadcomment.php on line 20
[03-Mar-2025 14:12:28 Europe/Berlin] PHP Fatal error:  Uncaught Error: Call to a member function bind_param() on bool in D:\xampp\htdocs\sajilo-rent\user-panel\back_end\loadcomment.php:20
Stack trace:
#0 {main}
  thrown in D:\xampp\htdocs\sajilo-rent\user-panel\back_end\loadcomment.php on line 20
[03-Mar-2025 14:12:29 Europe/Berlin] PHP Fatal error:  Uncaught Error: Call to a member function bind_param() on bool in D:\xampp\htdocs\sajilo-rent\user-panel\back_end\loadcomment.php:20
Stack trace:
#0 {main}
  thrown in D:\xampp\htdocs\sajilo-rent\user-panel\back_end\loadcomment.php on line 20
[03-Mar-2025 14:12:29 Europe/Berlin] PHP Fatal error:  Uncaught Error: Call to a member function bind_param() on bool in D:\xampp\htdocs\sajilo-rent\user-panel\back_end\loadcomment.php:20
Stack trace:
#0 {main}
  thrown in D:\xampp\htdocs\sajilo-rent\user-panel\back_end\loadcomment.php on line 20
[03-Mar-2025 14:12:29 Europe/Berlin] PHP Fatal error:  Uncaught Error: Call to a member function bind_param() on bool in D:\xampp\htdocs\sajilo-rent\user-panel\back_end\loadcomment.php:20
Stack trace:
#0 {main}
  thrown in D:\xampp\htdocs\sajilo-rent\user-panel\back_end\loadcomment.php on line 20
[03-Mar-2025 14:12:29 Europe/Berlin] PHP Fatal error:  Uncaught Error: Call to a member function bind_param() on bool in D:\xampp\htdocs\sajilo-rent\user-panel\back_end\loadcomment.php:20
Stack trace:
#0 {main}
  thrown in D:\xampp\htdocs\sajilo-rent\user-panel\back_end\loadcomment.php on line 20
[03-Mar-2025 14:12:29 Europe/Berlin] PHP Fatal error:  Uncaught Error: Call to a member function bind_param() on bool in D:\xampp\htdocs\sajilo-rent\user-panel\back_end\loadcomment.php:20
Stack trace:
#0 {main}
  thrown in D:\xampp\htdocs\sajilo-rent\user-panel\back_end\loadcomment.php on line 20
[03-Mar-2025 14:12:29 Europe/Berlin] PHP Fatal error:  Uncaught Error: Call to a member function bind_param() on bool in D:\xampp\htdocs\sajilo-rent\user-panel\back_end\loadcomment.php:20
Stack trace:
#0 {main}
  thrown in D:\xampp\htdocs\sajilo-rent\user-panel\back_end\loadcomment.php on line 20
[03-Mar-2025 14:12:29 Europe/Berlin] PHP Fatal error:  Uncaught Error: Call to a member function bind_param() on bool in D:\xampp\htdocs\sajilo-rent\user-panel\back_end\loadcomment.php:20
Stack trace:
#0 {main}
  thrown in D:\xampp\htdocs\sajilo-rent\user-panel\back_end\loadcomment.php on line 20
[03-Mar-2025 14:12:29 Europe/Berlin] PHP Fatal error:  Uncaught Error: Call to a member function bind_param() on bool in D:\xampp\htdocs\sajilo-rent\user-panel\back_end\loadcomment.php:20
Stack trace:
#0 {main}
  thrown in D:\xampp\htdocs\sajilo-rent\user-panel\back_end\loadcomment.php on line 20
[05-Mar-2025 09:11:36 Europe/Berlin] PHP Fatal error:  Uncaught Error: Call to a member function bind_param() on bool in D:\xampp\htdocs\sajilo-rent\user-panel\back_end\loadcomment.php:20
Stack trace:
#0 {main}
  thrown in D:\xampp\htdocs\sajilo-rent\user-panel\back_end\loadcomment.php on line 20
[05-Mar-2025 09:13:39 Europe/Berlin] PHP Fatal error:  Uncaught Error: Call to a member function bind_param() on bool in D:\xampp\htdocs\sajilo-rent\user-panel\back_end\loadcomment.php:20
Stack trace:
#0 {main}
  thrown in D:\xampp\htdocs\sajilo-rent\user-panel\back_end\loadcomment.php on line 20
[05-Mar-2025 09:14:50 Europe/Berlin] PHP Fatal error:  Uncaught Error: Call to a member function bind_param() on bool in D:\xampp\htdocs\sajilo-rent\user-panel\back_end\loadcomment.php:20
Stack trace:
#0 {main}
  thrown in D:\xampp\htdocs\sajilo-rent\user-panel\back_end\loadcomment.php on line 20
[05-Mar-2025 09:14:50 Europe/Berlin] PHP Fatal error:  Uncaught Error: Call to a member function bind_param() on bool in D:\xampp\htdocs\sajilo-rent\user-panel\back_end\loadcomment.php:20
Stack trace:
#0 {main}
  thrown in D:\xampp\htdocs\sajilo-rent\user-panel\back_end\loadcomment.php on line 20
[05-Mar-2025 09:15:21 Europe/Berlin] PHP Fatal error:  Uncaught Error: Call to a member function bind_param() on bool in D:\xampp\htdocs\sajilo-rent\user-panel\back_end\loadcomment.php:20
Stack trace:
#0 {main}
  thrown in D:\xampp\htdocs\sajilo-rent\user-panel\back_end\loadcomment.php on line 20
[05-Mar-2025 10:04:19 Europe/Berlin] PHP Fatal error:  Uncaught Error: Call to a member function bind_param() on bool in D:\xampp\htdocs\sajilo-rent\user-panel\back_end\loadcomment.php:20
Stack trace:
#0 {main}
  thrown in D:\xampp\htdocs\sajilo-rent\user-panel\back_end\loadcomment.php on line 20
[05-Mar-2025 10:05:59 Europe/Berlin] PHP Fatal error:  Uncaught Error: Call to a member function bind_param() on bool in D:\xampp\htdocs\sajilo-rent\user-panel\back_end\loadcomment.php:20
Stack trace:
#0 {main}
  thrown in D:\xampp\htdocs\sajilo-rent\user-panel\back_end\loadcomment.php on line 20
[05-Mar-2025 10:07:00 Europe/Berlin] PHP Fatal error:  Uncaught Error: Call to a member function bind_param() on bool in D:\xampp\htdocs\sajilo-rent\user-panel\back_end\loadcomment.php:20
Stack trace:
#0 {main}
  thrown in D:\xampp\htdocs\sajilo-rent\user-panel\back_end\loadcomment.php on line 20
[05-Mar-2025 10:09:30 Europe/Berlin] PHP Fatal error:  Uncaught Error: Call to a member function bind_param() on bool in D:\xampp\htdocs\sajilo-rent\user-panel\back_end\loadcomment.php:20
Stack trace:
#0 {main}
  thrown in D:\xampp\htdocs\sajilo-rent\user-panel\back_end\loadcomment.php on line 20
[05-Mar-2025 10:09:45 Europe/Berlin] PHP Fatal error:  Uncaught Error: Call to a member function bind_param() on bool in D:\xampp\htdocs\sajilo-rent\user-panel\back_end\loadcomment.php:20
Stack trace:
#0 {main}
  thrown in D:\xampp\htdocs\sajilo-rent\user-panel\back_end\loadcomment.php on line 20
[05-Mar-2025 10:09:54 Europe/Berlin] PHP Fatal error:  Uncaught Error: Call to a member function bind_param() on bool in D:\xampp\htdocs\sajilo-rent\user-panel\back_end\loadcomment.php:20
Stack trace:
#0 {main}
  thrown in D:\xampp\htdocs\sajilo-rent\user-panel\back_end\loadcomment.php on line 20
